{"C:\\Users\\SASHA\\github-classroom\\nodejs-backend-development\\mongoosejslab-Khoyskiy\\app.js": {"path":"C:\\Users\\SASHA\\github-classroom\\nodejs-backend-development\\mongoosejslab-Khoyskiy\\app.js","statementMap":{"0":{"start":{"line":1,"column":20},"end":{"line":1,"column":42}},"1":{"start":{"line":2,"column":16},"end":{"line":2,"column":34}},"2":{"start":{"line":3,"column":13},"end":{"line":3,"column":28}},"3":{"start":{"line":4,"column":21},"end":{"line":4,"column":45}},"4":{"start":{"line":5,"column":15},"end":{"line":5,"column":32}},"5":{"start":{"line":7,"column":20},"end":{"line":7,"column":45}},"6":{"start":{"line":8,"column":20},"end":{"line":8,"column":45}},"7":{"start":{"line":9,"column":19},"end":{"line":9,"column":44}},"8":{"start":{"line":10,"column":20},"end":{"line":10,"column":45}},"9":{"start":{"line":12,"column":12},"end":{"line":12,"column":21}},"10":{"start":{"line":15,"column":0},"end":{"line":15,"column":48}},"11":{"start":{"line":16,"column":0},"end":{"line":16,"column":30}},"12":{"start":{"line":18,"column":0},"end":{"line":18,"column":23}},"13":{"start":{"line":19,"column":0},"end":{"line":19,"column":24}},"14":{"start":{"line":20,"column":0},"end":{"line":20,"column":49}},"15":{"start":{"line":21,"column":0},"end":{"line":21,"column":24}},"16":{"start":{"line":22,"column":0},"end":{"line":22,"column":56}},"17":{"start":{"line":24,"column":0},"end":{"line":24,"column":26}},"18":{"start":{"line":25,"column":0},"end":{"line":25,"column":31}},"19":{"start":{"line":26,"column":0},"end":{"line":26,"column":30}},"20":{"start":{"line":27,"column":0},"end":{"line":27,"column":31}},"21":{"start":{"line":30,"column":0},"end":{"line":32,"column":3}},"22":{"start":{"line":31,"column":4},"end":{"line":31,"column":27}},"23":{"start":{"line":35,"column":0},"end":{"line":43,"column":3}},"24":{"start":{"line":37,"column":4},"end":{"line":37,"column":37}},"25":{"start":{"line":38,"column":4},"end":{"line":38,"column":71}},"26":{"start":{"line":41,"column":4},"end":{"line":41,"column":34}},"27":{"start":{"line":42,"column":4},"end":{"line":42,"column":24}},"28":{"start":{"line":45,"column":0},"end":{"line":45,"column":21}}},"fnMap":{"0":{"name":"(anonymous_0)","decl":{"start":{"line":30,"column":8},"end":{"line":30,"column":9}},"loc":{"start":{"line":30,"column":28},"end":{"line":32,"column":1}},"line":30},"1":{"name":"(anonymous_1)","decl":{"start":{"line":35,"column":8},"end":{"line":35,"column":9}},"loc":{"start":{"line":35,"column":33},"end":{"line":43,"column":1}},"line":35}},"branchMap":{"0":{"loc":{"start":{"line":38,"column":23},"end":{"line":38,"column":70}},"type":"cond-expr","locations":[{"start":{"line":38,"column":62},"end":{"line":38,"column":65}},{"start":{"line":38,"column":68},"end":{"line":38,"column":70}}],"line":38},"1":{"loc":{"start":{"line":41,"column":15},"end":{"line":41,"column":32}},"type":"binary-expr","locations":[{"start":{"line":41,"column":15},"end":{"line":41,"column":25}},{"start":{"line":41,"column":29},"end":{"line":41,"column":32}}],"line":41}},"s":{"0":4,"1":4,"2":4,"3":4,"4":4,"5":4,"6":4,"7":4,"8":4,"9":4,"10":4,"11":4,"12":4,"13":4,"14":4,"15":4,"16":4,"17":4,"18":4,"19":4,"20":4,"21":4,"22":0,"23":4,"24":0,"25":0,"26":0,"27":0,"28":4},"f":{"0":0,"1":0},"b":{"0":[0,0],"1":[0,0]},"_coverageSchema":"1a1c01bbd47fc00a2c39e90264f33305004495a9","hash":"ad27103845f38dc106fedf9c82c3957cadf09c6d"}
,"C:\\Users\\SASHA\\github-classroom\\nodejs-backend-development\\mongoosejslab-Khoyskiy\\controllers\\post.controllers.js": {"path":"C:\\Users\\SASHA\\github-classroom\\nodejs-backend-development\\mongoosejslab-Khoyskiy\\controllers\\post.controllers.js","statementMap":{"0":{"start":{"line":1,"column":13},"end":{"line":1,"column":39}},"1":{"start":{"line":3,"column":16},"end":{"line":10,"column":1}},"2":{"start":{"line":4,"column":4},"end":{"line":9,"column":5}},"3":{"start":{"line":5,"column":26},"end":{"line":5,"column":45}},"4":{"start":{"line":6,"column":8},"end":{"line":6,"column":40}},"5":{"start":{"line":8,"column":8},"end":{"line":8,"column":51}},"6":{"start":{"line":11,"column":20},"end":{"line":19,"column":1}},"7":{"start":{"line":12,"column":4},"end":{"line":18,"column":5}},"8":{"start":{"line":13,"column":23},"end":{"line":13,"column":33}},"9":{"start":{"line":14,"column":26},"end":{"line":14,"column":49}},"10":{"start":{"line":15,"column":8},"end":{"line":15,"column":40}},"11":{"start":{"line":17,"column":8},"end":{"line":17,"column":59}},"12":{"start":{"line":21,"column":19},"end":{"line":36,"column":1}},"13":{"start":{"line":22,"column":4},"end":{"line":35,"column":5}},"14":{"start":{"line":23,"column":41},"end":{"line":23,"column":49}},"15":{"start":{"line":24,"column":21},"end":{"line":24,"column":55}},"16":{"start":{"line":25,"column":23},"end":{"line":25,"column":42}},"17":{"start":{"line":26,"column":8},"end":{"line":31,"column":9}},"18":{"start":{"line":27,"column":12},"end":{"line":27,"column":41}},"19":{"start":{"line":29,"column":30},"end":{"line":29,"column":47}},"20":{"start":{"line":30,"column":12},"end":{"line":30,"column":44}},"21":{"start":{"line":33,"column":8},"end":{"line":33,"column":28}},"22":{"start":{"line":34,"column":8},"end":{"line":34,"column":52}},"23":{"start":{"line":37,"column":0},"end":{"line":41,"column":2}}},"fnMap":{"0":{"name":"(anonymous_0)","decl":{"start":{"line":3,"column":16},"end":{"line":3,"column":17}},"loc":{"start":{"line":3,"column":36},"end":{"line":10,"column":1}},"line":3},"1":{"name":"(anonymous_1)","decl":{"start":{"line":11,"column":20},"end":{"line":11,"column":21}},"loc":{"start":{"line":11,"column":40},"end":{"line":19,"column":1}},"line":11},"2":{"name":"(anonymous_2)","decl":{"start":{"line":21,"column":19},"end":{"line":21,"column":20}},"loc":{"start":{"line":21,"column":39},"end":{"line":36,"column":1}},"line":21}},"branchMap":{"0":{"loc":{"start":{"line":26,"column":8},"end":{"line":31,"column":9}},"type":"if","locations":[{"start":{"line":26,"column":8},"end":{"line":31,"column":9}},{"start":{"line":28,"column":15},"end":{"line":31,"column":9}}],"line":26}},"s":{"0":4,"1":4,"2":2,"3":2,"4":1,"5":1,"6":4,"7":2,"8":2,"9":2,"10":1,"11":1,"12":4,"13":3,"14":3,"15":3,"16":3,"17":3,"18":1,"19":2,"20":1,"21":1,"22":1,"23":4},"f":{"0":2,"1":2,"2":3},"b":{"0":[1,2]},"_coverageSchema":"1a1c01bbd47fc00a2c39e90264f33305004495a9","hash":"ab3637b15b30c9dfd19d2be1e17dd4ab42bdd23e"}
,"C:\\Users\\SASHA\\github-classroom\\nodejs-backend-development\\mongoosejslab-Khoyskiy\\controllers\\todos.controller.js": {"path":"C:\\Users\\SASHA\\github-classroom\\nodejs-backend-development\\mongoosejslab-Khoyskiy\\controllers\\todos.controller.js","statementMap":{"0":{"start":{"line":1,"column":14},"end":{"line":1,"column":40}},"1":{"start":{"line":3,"column":17},"end":{"line":10,"column":1}},"2":{"start":{"line":4,"column":4},"end":{"line":9,"column":5}},"3":{"start":{"line":5,"column":27},"end":{"line":5,"column":47}},"4":{"start":{"line":6,"column":8},"end":{"line":6,"column":41}},"5":{"start":{"line":8,"column":8},"end":{"line":8,"column":52}},"6":{"start":{"line":11,"column":21},"end":{"line":19,"column":1}},"7":{"start":{"line":12,"column":4},"end":{"line":18,"column":5}},"8":{"start":{"line":13,"column":24},"end":{"line":13,"column":34}},"9":{"start":{"line":14,"column":27},"end":{"line":14,"column":56}},"10":{"start":{"line":15,"column":8},"end":{"line":15,"column":41}},"11":{"start":{"line":17,"column":8},"end":{"line":17,"column":60}},"12":{"start":{"line":21,"column":20},"end":{"line":35,"column":1}},"13":{"start":{"line":22,"column":4},"end":{"line":34,"column":5}},"14":{"start":{"line":23,"column":51},"end":{"line":23,"column":59}},"15":{"start":{"line":24,"column":22},"end":{"line":24,"column":67}},"16":{"start":{"line":25,"column":23},"end":{"line":25,"column":43}},"17":{"start":{"line":26,"column":8},"end":{"line":31,"column":9}},"18":{"start":{"line":27,"column":12},"end":{"line":27,"column":41}},"19":{"start":{"line":29,"column":31},"end":{"line":29,"column":49}},"20":{"start":{"line":30,"column":12},"end":{"line":30,"column":45}},"21":{"start":{"line":33,"column":8},"end":{"line":33,"column":53}},"22":{"start":{"line":36,"column":0},"end":{"line":40,"column":2}}},"fnMap":{"0":{"name":"(anonymous_0)","decl":{"start":{"line":3,"column":17},"end":{"line":3,"column":18}},"loc":{"start":{"line":3,"column":37},"end":{"line":10,"column":1}},"line":3},"1":{"name":"(anonymous_1)","decl":{"start":{"line":11,"column":21},"end":{"line":11,"column":22}},"loc":{"start":{"line":11,"column":41},"end":{"line":19,"column":1}},"line":11},"2":{"name":"(anonymous_2)","decl":{"start":{"line":21,"column":20},"end":{"line":21,"column":21}},"loc":{"start":{"line":21,"column":40},"end":{"line":35,"column":1}},"line":21}},"branchMap":{"0":{"loc":{"start":{"line":26,"column":8},"end":{"line":31,"column":9}},"type":"if","locations":[{"start":{"line":26,"column":8},"end":{"line":31,"column":9}},{"start":{"line":28,"column":15},"end":{"line":31,"column":9}}],"line":26}},"s":{"0":4,"1":4,"2":2,"3":2,"4":1,"5":1,"6":4,"7":2,"8":2,"9":2,"10":1,"11":1,"12":4,"13":3,"14":3,"15":3,"16":3,"17":3,"18":1,"19":2,"20":1,"21":1,"22":4},"f":{"0":2,"1":2,"2":3},"b":{"0":[1,2]},"_coverageSchema":"1a1c01bbd47fc00a2c39e90264f33305004495a9","hash":"67dd73b6cabc77d6cdd09be9e6e919f0e412ec19"}
,"C:\\Users\\SASHA\\github-classroom\\nodejs-backend-development\\mongoosejslab-Khoyskiy\\controllers\\users.controller.js": {"path":"C:\\Users\\SASHA\\github-classroom\\nodejs-backend-development\\mongoosejslab-Khoyskiy\\controllers\\users.controller.js","statementMap":{"0":{"start":{"line":1,"column":13},"end":{"line":1,"column":39}},"1":{"start":{"line":3,"column":17},"end":{"line":10,"column":1}},"2":{"start":{"line":4,"column":4},"end":{"line":9,"column":5}},"3":{"start":{"line":5,"column":27},"end":{"line":5,"column":46}},"4":{"start":{"line":6,"column":8},"end":{"line":6,"column":41}},"5":{"start":{"line":8,"column":8},"end":{"line":8,"column":52}},"6":{"start":{"line":11,"column":20},"end":{"line":19,"column":1}},"7":{"start":{"line":12,"column":4},"end":{"line":18,"column":5}},"8":{"start":{"line":13,"column":23},"end":{"line":13,"column":33}},"9":{"start":{"line":14,"column":27},"end":{"line":14,"column":50}},"10":{"start":{"line":15,"column":8},"end":{"line":15,"column":41}},"11":{"start":{"line":17,"column":8},"end":{"line":17,"column":59}},"12":{"start":{"line":20,"column":19},"end":{"line":34,"column":1}},"13":{"start":{"line":21,"column":4},"end":{"line":33,"column":5}},"14":{"start":{"line":22,"column":48},"end":{"line":22,"column":56}},"15":{"start":{"line":23,"column":21},"end":{"line":23,"column":62}},"16":{"start":{"line":24,"column":23},"end":{"line":24,"column":42}},"17":{"start":{"line":25,"column":8},"end":{"line":30,"column":9}},"18":{"start":{"line":26,"column":12},"end":{"line":26,"column":41}},"19":{"start":{"line":28,"column":30},"end":{"line":28,"column":47}},"20":{"start":{"line":29,"column":12},"end":{"line":29,"column":44}},"21":{"start":{"line":32,"column":8},"end":{"line":32,"column":52}},"22":{"start":{"line":36,"column":19},"end":{"line":51,"column":1}},"23":{"start":{"line":37,"column":19},"end":{"line":37,"column":29}},"24":{"start":{"line":38,"column":44},"end":{"line":38,"column":52}},"25":{"start":{"line":39,"column":16},"end":{"line":39,"column":57}},"26":{"start":{"line":40,"column":19},"end":{"line":40,"column":37}},"27":{"start":{"line":41,"column":4},"end":{"line":50,"column":5}},"28":{"start":{"line":42,"column":8},"end":{"line":42,"column":37}},"29":{"start":{"line":44,"column":21},"end":{"line":48,"column":9}},"30":{"start":{"line":49,"column":8},"end":{"line":49,"column":35}},"31":{"start":{"line":53,"column":19},"end":{"line":66,"column":1}},"32":{"start":{"line":54,"column":4},"end":{"line":65,"column":5}},"33":{"start":{"line":55,"column":23},"end":{"line":55,"column":33}},"34":{"start":{"line":56,"column":26},"end":{"line":56,"column":49}},"35":{"start":{"line":57,"column":8},"end":{"line":62,"column":9}},"36":{"start":{"line":58,"column":12},"end":{"line":58,"column":51}},"37":{"start":{"line":60,"column":12},"end":{"line":60,"column":40}},"38":{"start":{"line":61,"column":12},"end":{"line":61,"column":48}},"39":{"start":{"line":64,"column":8},"end":{"line":64,"column":52}},"40":{"start":{"line":68,"column":0},"end":{"line":74,"column":2}}},"fnMap":{"0":{"name":"(anonymous_0)","decl":{"start":{"line":3,"column":17},"end":{"line":3,"column":18}},"loc":{"start":{"line":3,"column":37},"end":{"line":10,"column":1}},"line":3},"1":{"name":"(anonymous_1)","decl":{"start":{"line":11,"column":20},"end":{"line":11,"column":21}},"loc":{"start":{"line":11,"column":40},"end":{"line":19,"column":1}},"line":11},"2":{"name":"(anonymous_2)","decl":{"start":{"line":20,"column":19},"end":{"line":20,"column":20}},"loc":{"start":{"line":20,"column":39},"end":{"line":34,"column":1}},"line":20},"3":{"name":"(anonymous_3)","decl":{"start":{"line":36,"column":19},"end":{"line":36,"column":20}},"loc":{"start":{"line":36,"column":39},"end":{"line":51,"column":1}},"line":36},"4":{"name":"(anonymous_4)","decl":{"start":{"line":53,"column":19},"end":{"line":53,"column":20}},"loc":{"start":{"line":53,"column":39},"end":{"line":66,"column":1}},"line":53}},"branchMap":{"0":{"loc":{"start":{"line":25,"column":8},"end":{"line":30,"column":9}},"type":"if","locations":[{"start":{"line":25,"column":8},"end":{"line":30,"column":9}},{"start":{"line":27,"column":15},"end":{"line":30,"column":9}}],"line":25},"1":{"loc":{"start":{"line":41,"column":4},"end":{"line":50,"column":5}},"type":"if","locations":[{"start":{"line":41,"column":4},"end":{"line":50,"column":5}},{"start":{"line":43,"column":11},"end":{"line":50,"column":5}}],"line":41},"2":{"loc":{"start":{"line":57,"column":8},"end":{"line":62,"column":9}},"type":"if","locations":[{"start":{"line":57,"column":8},"end":{"line":62,"column":9}},{"start":{"line":59,"column":15},"end":{"line":62,"column":9}}],"line":57}},"s":{"0":4,"1":4,"2":2,"3":2,"4":1,"5":1,"6":4,"7":2,"8":2,"9":2,"10":1,"11":1,"12":4,"13":3,"14":3,"15":3,"16":3,"17":3,"18":1,"19":2,"20":1,"21":1,"22":4,"23":2,"24":2,"25":2,"26":2,"27":2,"28":1,"29":1,"30":1,"31":4,"32":4,"33":4,"34":4,"35":3,"36":1,"37":2,"38":2,"39":1,"40":4},"f":{"0":2,"1":2,"2":3,"3":2,"4":4},"b":{"0":[1,2],"1":[1,1],"2":[1,2]},"_coverageSchema":"1a1c01bbd47fc00a2c39e90264f33305004495a9","hash":"8d8dcff3dd9a3915a473e31fa218e581c706f609"}
,"C:\\Users\\SASHA\\github-classroom\\nodejs-backend-development\\mongoosejslab-Khoyskiy\\models\\posts.js": {"path":"C:\\Users\\SASHA\\github-classroom\\nodejs-backend-development\\mongoosejslab-Khoyskiy\\models\\posts.js","statementMap":{"0":{"start":{"line":1,"column":17},"end":{"line":1,"column":36}},"1":{"start":{"line":3,"column":19},"end":{"line":18,"column":2}},"2":{"start":{"line":20,"column":13},"end":{"line":20,"column":47}},"3":{"start":{"line":22,"column":0},"end":{"line":22,"column":22}}},"fnMap":{},"branchMap":{},"s":{"0":6,"1":6,"2":6,"3":6},"f":{},"b":{},"_coverageSchema":"1a1c01bbd47fc00a2c39e90264f33305004495a9","hash":"1c9062a47ce1112e6ad90a2d41f018ab3b20f6ae"}
,"C:\\Users\\SASHA\\github-classroom\\nodejs-backend-development\\mongoosejslab-Khoyskiy\\models\\todos.js": {"path":"C:\\Users\\SASHA\\github-classroom\\nodejs-backend-development\\mongoosejslab-Khoyskiy\\models\\todos.js","statementMap":{"0":{"start":{"line":1,"column":17},"end":{"line":1,"column":36}},"1":{"start":{"line":4,"column":20},"end":{"line":28,"column":2}},"2":{"start":{"line":30,"column":14},"end":{"line":30,"column":50}},"3":{"start":{"line":32,"column":0},"end":{"line":32,"column":23}}},"fnMap":{},"branchMap":{},"s":{"0":6,"1":6,"2":6,"3":6},"f":{},"b":{},"_coverageSchema":"1a1c01bbd47fc00a2c39e90264f33305004495a9","hash":"0d8a3ea0e62243c6db042584ed0a53a1e515c140"}
,"C:\\Users\\SASHA\\github-classroom\\nodejs-backend-development\\mongoosejslab-Khoyskiy\\models\\users.js": {"path":"C:\\Users\\SASHA\\github-classroom\\nodejs-backend-development\\mongoosejslab-Khoyskiy\\models\\users.js","statementMap":{"0":{"start":{"line":1,"column":17},"end":{"line":1,"column":36}},"1":{"start":{"line":2,"column":14},"end":{"line":2,"column":40}},"2":{"start":{"line":3,"column":13},"end":{"line":3,"column":39}},"3":{"start":{"line":5,"column":19},"end":{"line":31,"column":2}},"4":{"start":{"line":32,"column":0},"end":{"line":36,"column":3}},"5":{"start":{"line":33,"column":4},"end":{"line":33,"column":50}},"6":{"start":{"line":34,"column":4},"end":{"line":34,"column":49}},"7":{"start":{"line":35,"column":4},"end":{"line":35,"column":11}},"8":{"start":{"line":37,"column":13},"end":{"line":37,"column":47}},"9":{"start":{"line":39,"column":0},"end":{"line":39,"column":22}}},"fnMap":{"0":{"name":"(anonymous_0)","decl":{"start":{"line":32,"column":47},"end":{"line":32,"column":48}},"loc":{"start":{"line":32,"column":69},"end":{"line":36,"column":1}},"line":32}},"branchMap":{},"s":{"0":4,"1":4,"2":4,"3":4,"4":4,"5":1,"6":1,"7":1,"8":4,"9":4},"f":{"0":1},"b":{},"_coverageSchema":"1a1c01bbd47fc00a2c39e90264f33305004495a9","hash":"07411cec94a71e798b404f9f906fabb881365fac"}
,"C:\\Users\\SASHA\\github-classroom\\nodejs-backend-development\\mongoosejslab-Khoyskiy\\routes\\index.js": {"path":"C:\\Users\\SASHA\\github-classroom\\nodejs-backend-development\\mongoosejslab-Khoyskiy\\routes\\index.js","statementMap":{"0":{"start":{"line":1,"column":16},"end":{"line":1,"column":34}},"1":{"start":{"line":3,"column":15},"end":{"line":3,"column":31}},"2":{"start":{"line":6,"column":0},"end":{"line":8,"column":3}},"3":{"start":{"line":7,"column":4},"end":{"line":7,"column":46}},"4":{"start":{"line":10,"column":0},"end":{"line":10,"column":24}}},"fnMap":{"0":{"name":"(anonymous_0)","decl":{"start":{"line":6,"column":16},"end":{"line":6,"column":17}},"loc":{"start":{"line":6,"column":30},"end":{"line":8,"column":1}},"line":6}},"branchMap":{},"s":{"0":4,"1":4,"2":4,"3":0,"4":4},"f":{"0":0},"b":{},"_coverageSchema":"1a1c01bbd47fc00a2c39e90264f33305004495a9","hash":"55dec49faa67376bdfd9e1d35b18c2c90245ffa9"}
,"C:\\Users\\SASHA\\github-classroom\\nodejs-backend-development\\mongoosejslab-Khoyskiy\\routes\\posts.js": {"path":"C:\\Users\\SASHA\\github-classroom\\nodejs-backend-development\\mongoosejslab-Khoyskiy\\routes\\posts.js","statementMap":{"0":{"start":{"line":1,"column":16},"end":{"line":1,"column":34}},"1":{"start":{"line":2,"column":45},"end":{"line":2,"column":87}},"2":{"start":{"line":4,"column":15},"end":{"line":4,"column":31}},"3":{"start":{"line":5,"column":0},"end":{"line":5,"column":25}},"4":{"start":{"line":6,"column":0},"end":{"line":6,"column":29}},"5":{"start":{"line":7,"column":0},"end":{"line":7,"column":32}},"6":{"start":{"line":9,"column":0},"end":{"line":9,"column":24}}},"fnMap":{},"branchMap":{},"s":{"0":4,"1":4,"2":4,"3":4,"4":4,"5":4,"6":4},"f":{},"b":{},"_coverageSchema":"1a1c01bbd47fc00a2c39e90264f33305004495a9","hash":"dd8eb5d49c5d45856992d82488bd3bc8da49284e"}
,"C:\\Users\\SASHA\\github-classroom\\nodejs-backend-development\\mongoosejslab-Khoyskiy\\routes\\todos.js": {"path":"C:\\Users\\SASHA\\github-classroom\\nodejs-backend-development\\mongoosejslab-Khoyskiy\\routes\\todos.js","statementMap":{"0":{"start":{"line":1,"column":16},"end":{"line":1,"column":34}},"1":{"start":{"line":2,"column":48},"end":{"line":2,"column":90}},"2":{"start":{"line":4,"column":15},"end":{"line":4,"column":31}},"3":{"start":{"line":5,"column":0},"end":{"line":5,"column":26}},"4":{"start":{"line":6,"column":0},"end":{"line":6,"column":30}},"5":{"start":{"line":7,"column":0},"end":{"line":7,"column":33}},"6":{"start":{"line":9,"column":0},"end":{"line":9,"column":24}}},"fnMap":{},"branchMap":{},"s":{"0":4,"1":4,"2":4,"3":4,"4":4,"5":4,"6":4},"f":{},"b":{},"_coverageSchema":"1a1c01bbd47fc00a2c39e90264f33305004495a9","hash":"39c291c5ddd90006234e71c1e8de954904c84448"}
,"C:\\Users\\SASHA\\github-classroom\\nodejs-backend-development\\mongoosejslab-Khoyskiy\\routes\\users.js": {"path":"C:\\Users\\SASHA\\github-classroom\\nodejs-backend-development\\mongoosejslab-Khoyskiy\\routes\\users.js","statementMap":{"0":{"start":{"line":1,"column":16},"end":{"line":1,"column":34}},"1":{"start":{"line":8,"column":4},"end":{"line":8,"column":46}},"2":{"start":{"line":10,"column":15},"end":{"line":10,"column":31}},"3":{"start":{"line":13,"column":0},"end":{"line":13,"column":26}},"4":{"start":{"line":14,"column":0},"end":{"line":14,"column":32}},"5":{"start":{"line":15,"column":0},"end":{"line":15,"column":29}},"6":{"start":{"line":16,"column":0},"end":{"line":16,"column":34}},"7":{"start":{"line":17,"column":0},"end":{"line":17,"column":31}},"8":{"start":{"line":19,"column":0},"end":{"line":19,"column":24}}},"fnMap":{},"branchMap":{},"s":{"0":4,"1":4,"2":4,"3":4,"4":4,"5":4,"6":4,"7":4,"8":4},"f":{},"b":{},"_coverageSchema":"1a1c01bbd47fc00a2c39e90264f33305004495a9","hash":"826506170947d97bcb3a59299441bdf1c747c53f"}
,"C:\\Users\\SASHA\\github-classroom\\nodejs-backend-development\\mongoosejslab-Khoyskiy\\tests\\db.js": {"path":"C:\\Users\\SASHA\\github-classroom\\nodejs-backend-development\\mongoosejslab-Khoyskiy\\tests\\db.js","statementMap":{"0":{"start":{"line":1,"column":17},"end":{"line":1,"column":36}},"1":{"start":{"line":2,"column":30},"end":{"line":2,"column":62}},"2":{"start":{"line":6,"column":13},"end":{"line":9,"column":1}},"3":{"start":{"line":11,"column":16},"end":{"line":18,"column":1}},"4":{"start":{"line":12,"column":4},"end":{"line":12,"column":32}},"5":{"start":{"line":14,"column":4},"end":{"line":14,"column":51}},"6":{"start":{"line":16,"column":21},"end":{"line":16,"column":47}},"7":{"start":{"line":17,"column":4},"end":{"line":17,"column":43}},"8":{"start":{"line":19,"column":14},"end":{"line":22,"column":1}},"9":{"start":{"line":20,"column":4},"end":{"line":20,"column":32}},"10":{"start":{"line":21,"column":4},"end":{"line":21,"column":29}},"11":{"start":{"line":23,"column":14},"end":{"line":29,"column":1}},"12":{"start":{"line":24,"column":28},"end":{"line":24,"column":47}},"13":{"start":{"line":25,"column":4},"end":{"line":28,"column":5}},"14":{"start":{"line":26,"column":27},"end":{"line":26,"column":43}},"15":{"start":{"line":27,"column":8},"end":{"line":27,"column":40}},"16":{"start":{"line":31,"column":0},"end":{"line":35,"column":2}}},"fnMap":{"0":{"name":"(anonymous_0)","decl":{"start":{"line":11,"column":16},"end":{"line":11,"column":17}},"loc":{"start":{"line":11,"column":28},"end":{"line":18,"column":1}},"line":11},"1":{"name":"(anonymous_1)","decl":{"start":{"line":19,"column":14},"end":{"line":19,"column":15}},"loc":{"start":{"line":19,"column":26},"end":{"line":22,"column":1}},"line":19},"2":{"name":"(anonymous_2)","decl":{"start":{"line":23,"column":14},"end":{"line":23,"column":15}},"loc":{"start":{"line":23,"column":26},"end":{"line":29,"column":1}},"line":23}},"branchMap":{},"s":{"0":3,"1":3,"2":3,"3":3,"4":3,"5":3,"6":3,"7":3,"8":3,"9":3,"10":3,"11":3,"12":7,"13":7,"14":13,"15":13,"16":3},"f":{"0":3,"1":3,"2":7},"b":{},"_coverageSchema":"1a1c01bbd47fc00a2c39e90264f33305004495a9","hash":"7ea82f9690098f766f37f78cac1e136a66452737"}
}
