TN:
SF:app.js
FN:30,(anonymous_0)
FN:35,(anonymous_1)
FNF:2
FNH:0
FNDA:0,(anonymous_0)
FNDA:0,(anonymous_1)
DA:1,4
DA:2,4
DA:3,4
DA:4,4
DA:5,4
DA:7,4
DA:8,4
DA:9,4
DA:10,4
DA:12,4
DA:15,4
DA:16,4
DA:18,4
DA:19,4
DA:20,4
DA:21,4
DA:22,4
DA:24,4
DA:25,4
DA:26,4
DA:27,4
DA:30,4
DA:31,0
DA:35,4
DA:37,0
DA:38,0
DA:41,0
DA:42,0
DA:45,4
LF:29
LH:24
BRDA:38,0,0,0
BRDA:38,0,1,0
BRDA:41,1,0,0
BRDA:41,1,1,0
BRF:4
BRH:0
end_of_record
TN:
SF:controllers\post.controllers.js
FN:3,(anonymous_0)
FN:11,(anonymous_1)
FN:21,(anonymous_2)
FNF:3
FNH:3
FNDA:2,(anonymous_0)
FNDA:2,(anonymous_1)
FNDA:3,(anonymous_2)
DA:1,4
DA:3,4
DA:4,2
DA:5,2
DA:6,1
DA:8,1
DA:11,4
DA:12,2
DA:13,2
DA:14,2
DA:15,1
DA:17,1
DA:21,4
DA:22,3
DA:23,3
DA:24,3
DA:25,3
DA:26,3
DA:27,1
DA:29,2
DA:30,1
DA:33,1
DA:34,1
DA:37,4
LF:24
LH:24
BRDA:26,0,0,1
BRDA:26,0,1,2
BRF:2
BRH:2
end_of_record
TN:
SF:controllers\todos.controller.js
FN:3,(anonymous_0)
FN:11,(anonymous_1)
FN:21,(anonymous_2)
FNF:3
FNH:3
FNDA:2,(anonymous_0)
FNDA:2,(anonymous_1)
FNDA:3,(anonymous_2)
DA:1,4
DA:3,4
DA:4,2
DA:5,2
DA:6,1
DA:8,1
DA:11,4
DA:12,2
DA:13,2
DA:14,2
DA:15,1
DA:17,1
DA:21,4
DA:22,3
DA:23,3
DA:24,3
DA:25,3
DA:26,3
DA:27,1
DA:29,2
DA:30,1
DA:33,1
DA:36,4
LF:23
LH:23
BRDA:26,0,0,1
BRDA:26,0,1,2
BRF:2
BRH:2
end_of_record
TN:
SF:controllers\users.controller.js
FN:3,(anonymous_0)
FN:11,(anonymous_1)
FN:20,(anonymous_2)
FN:36,(anonymous_3)
FN:53,(anonymous_4)
FNF:5
FNH:5
FNDA:2,(anonymous_0)
FNDA:2,(anonymous_1)
FNDA:3,(anonymous_2)
FNDA:2,(anonymous_3)
FNDA:4,(anonymous_4)
DA:1,4
DA:3,4
DA:4,2
DA:5,2
DA:6,1
DA:8,1
DA:11,4
DA:12,2
DA:13,2
DA:14,2
DA:15,1
DA:17,1
DA:20,4
DA:21,3
DA:22,3
DA:23,3
DA:24,3
DA:25,3
DA:26,1
DA:28,2
DA:29,1
DA:32,1
DA:36,4
DA:37,2
DA:38,2
DA:39,2
DA:40,2
DA:41,2
DA:42,1
DA:44,1
DA:49,1
DA:53,4
DA:54,4
DA:55,4
DA:56,4
DA:57,3
DA:58,1
DA:60,2
DA:61,2
DA:64,1
DA:68,4
LF:41
LH:41
BRDA:25,0,0,1
BRDA:25,0,1,2
BRDA:41,1,0,1
BRDA:41,1,1,1
BRDA:57,2,0,1
BRDA:57,2,1,2
BRF:6
BRH:6
end_of_record
TN:
SF:models\posts.js
FNF:0
FNH:0
DA:1,6
DA:3,6
DA:20,6
DA:22,6
LF:4
LH:4
BRF:0
BRH:0
end_of_record
TN:
SF:models\todos.js
FNF:0
FNH:0
DA:1,6
DA:4,6
DA:30,6
DA:32,6
LF:4
LH:4
BRF:0
BRH:0
end_of_record
TN:
SF:models\users.js
FN:32,(anonymous_0)
FNF:1
FNH:1
FNDA:1,(anonymous_0)
DA:1,4
DA:2,4
DA:3,4
DA:5,4
DA:32,4
DA:33,1
DA:34,1
DA:35,1
DA:37,4
DA:39,4
LF:10
LH:10
BRF:0
BRH:0
end_of_record
TN:
SF:routes\index.js
FN:6,(anonymous_0)
FNF:1
FNH:0
FNDA:0,(anonymous_0)
DA:1,4
DA:3,4
DA:6,4
DA:7,0
DA:10,4
LF:5
LH:4
BRF:0
BRH:0
end_of_record
TN:
SF:routes\posts.js
FNF:0
FNH:0
DA:1,4
DA:2,4
DA:4,4
DA:5,4
DA:6,4
DA:7,4
DA:9,4
LF:7
LH:7
BRF:0
BRH:0
end_of_record
TN:
SF:routes\todos.js
FNF:0
FNH:0
DA:1,4
DA:2,4
DA:4,4
DA:5,4
DA:6,4
DA:7,4
DA:9,4
LF:7
LH:7
BRF:0
BRH:0
end_of_record
TN:
SF:routes\users.js
FNF:0
FNH:0
DA:1,4
DA:8,4
DA:10,4
DA:13,4
DA:14,4
DA:15,4
DA:16,4
DA:17,4
DA:19,4
LF:9
LH:9
BRF:0
BRH:0
end_of_record
TN:
SF:tests\db.js
FN:11,(anonymous_0)
FN:19,(anonymous_1)
FN:23,(anonymous_2)
FNF:3
FNH:3
FNDA:3,(anonymous_0)
FNDA:3,(anonymous_1)
FNDA:7,(anonymous_2)
DA:1,3
DA:2,3
DA:6,3
DA:11,3
DA:12,3
DA:14,3
DA:16,3
DA:17,3
DA:19,3
DA:20,3
DA:21,3
DA:23,3
DA:24,7
DA:25,7
DA:26,13
DA:27,13
DA:31,3
LF:17
LH:17
BRF:0
BRH:0
end_of_record
